SF:clients\pokeapi.py
DA:1,1
DA:3,1
DA:5,1
DA:8,1
DA:9,1
DA:11,1
DA:12,1
LF:7
LH:7
FN:9,12,PokeAPIClient.__init__
FNDA:1,PokeAPIClient.__init__
FNF:1
FNH:1
end_of_record
SF:routers\pokemons\controller.py
DA:2,1
DA:4,1
DA:7,1
DA:9,1
DA:10,1
DA:11,1
DA:14,1
DA:16,1
DA:22,1
DA:23,1
DA:26,1
DA:30,1
DA:31,1
DA:35,1
DA:39,1
DA:40,1
DA:43,1
DA:44,1
DA:49,1
DA:50,1
DA:51,0
DA:54,1
DA:57,1
DA:58,1
DA:59,1
DA:62,1
DA:63,1
DA:68,1
DA:71,1
DA:72,1
DA:78,0
DA:81,1
DA:82,1
DA:88,1
DA:91,1
DA:92,1
DA:95,1
LF:37
LH:35
FN:30,31,get_pokeapi_client
FNDA:1,get_pokeapi_client
FN:35,40,get_service
FNDA:1,get_service
FN:44,54,get_pokemons
FNDA:1,get_pokemons
FN:58,59,find_by_id
FNDA:1,find_by_id
FN:63,68,create_pokemon
FNDA:1,create_pokemon
FN:72,78,update_pokemon_full
FNDA:0,update_pokemon_full
FN:82,88,update_pokemon_partial
FNDA:1,update_pokemon_partial
FN:92,95,delete_pokemon
FNDA:1,delete_pokemon
FNF:8
FNH:7
end_of_record
SF:routers\pokemons\entity.py
DA:1,1
DA:5,1
DA:7,1
DA:10,1
DA:11,1
DA:13,1
DA:24,1
DA:25,1
DA:28,1
DA:29,1
DA:31,1
DA:42,1
DA:43,1
DA:60,1
DA:65,1
DA:73,1
DA:76,1
DA:81,1
DA:84,1
LF:19
LH:19
end_of_record
SF:routers\pokemons\repository.py
DA:1,1
DA:2,1
DA:3,1
DA:5,1
DA:6,1
DA:9,1
DA:11,1
DA:14,1
DA:15,1
DA:16,1
DA:18,1
DA:21,1
DA:22,1
DA:24,1
DA:31,1
DA:33,1
DA:34,1
DA:37,1
DA:38,1
DA:40,1
DA:43,1
DA:44,1
DA:45,1
DA:46,1
DA:47,1
DA:49,1
DA:52,0
DA:54,0
DA:55,0
DA:56,0
DA:57,0
DA:59,1
DA:62,1
DA:64,1
DA:65,1
DA:66,1
DA:67,1
DA:68,1
DA:69,1
DA:71,1
DA:73,1
DA:75,1
DA:76,1
DA:77,1
LF:44
LH:39
FN:15,16,PokemonRepository.__init__
FNDA:1,PokemonRepository.__init__
FN:18,31,PokemonRepository.find_all
FNDA:1,PokemonRepository.find_all
FN:33,38,PokemonRepository.find_by_id
FNDA:1,PokemonRepository.find_by_id
FN:40,47,PokemonRepository.create
FNDA:1,PokemonRepository.create
FN:49,57,PokemonRepository.update_full
FNDA:0,PokemonRepository.update_full
FN:59,69,PokemonRepository.update_partial
FNDA:1,PokemonRepository.update_partial
FN:71,77,PokemonRepository.delete
FNDA:1,PokemonRepository.delete
FNF:7
FNH:6
end_of_record
SF:routers\pokemons\service.py
DA:1,1
DA:3,1
DA:4,1
DA:5,1
DA:6,1
DA:8,1
DA:14,1
DA:17,1
DA:18,1
DA:19,1
DA:20,1
DA:22,1
DA:27,1
DA:28,1
DA:29,1
DA:34,1
DA:36,1
DA:37,1
DA:38,1
DA:39,1
DA:40,1
DA:42,1
DA:50,1
DA:51,1
DA:52,1
DA:53,1
DA:57,1
DA:58,1
DA:59,1
DA:61,1
DA:62,0
DA:64,1
DA:67,1
DA:68,1
DA:69,1
DA:70,1
DA:72,1
DA:75,0
DA:77,0
DA:78,0
DA:83,0
DA:84,0
DA:89,0
DA:90,0
DA:91,0
DA:92,0
DA:94,1
DA:97,1
DA:99,1
DA:100,0
DA:105,1
DA:106,0
DA:111,1
DA:112,1
DA:113,1
DA:114,1
DA:116,1
DA:117,1
DA:119,1
DA:120,1
DA:125,1
DA:126,1
DA:131,1
LF:63
LH:51
FN:18,20,PokemonService.__init__
FNDA:1,PokemonService.__init__
FN:22,48,PokemonService.find_all
FNDA:1,PokemonService.find_all
FN:50,59,PokemonService.find_by_id
FNDA:1,PokemonService.find_by_id
FN:61,62,PokemonService.find_by_id_raw
FNDA:0,PokemonService.find_by_id_raw
FN:64,70,PokemonService.create
FNDA:1,PokemonService.create
FN:72,92,PokemonService.update_full
FNDA:0,PokemonService.update_full
FN:94,114,PokemonService.update_partial
FNDA:1,PokemonService.update_partial
FN:116,131,PokemonService.delete
FNDA:1,PokemonService.delete
FNF:8
FNH:6
end_of_record
SF:routers\users\controller.py
DA:1,1
DA:3,1
DA:4,1
DA:7,1
DA:9,1
DA:10,1
DA:13,1
DA:16,1
DA:17,1
DA:19,1
DA:27,1
DA:28,1
DA:32,1
DA:35,1
DA:36,1
DA:40,1
DA:44,1
DA:45,1
DA:48,1
DA:49,1
DA:50,1
DA:51,1
DA:52,1
DA:55,0
DA:58,1
DA:59,1
DA:64,1
DA:67,1
DA:68,1
DA:70,1
DA:73,1
DA:74,1
DA:79,1
DA:82,1
DA:83,1
DA:84,1
DA:87,1
DA:88,1
DA:89,1
DA:92,1
DA:93,1
DA:99,1
DA:102,1
DA:103,1
DA:104,1
DA:107,1
DA:108,1
DA:109,1
DA:112,1
DA:113,1
DA:119,1
DA:122,1
DA:123,1
DA:129,1
DA:132,1
DA:133,1
DA:136,1
LF:57
LH:56
FN:35,36,get_pokeapi_client
FNDA:1,get_pokeapi_client
FN:40,45,get_service
FNDA:1,get_service
FN:49,55,get_users
FNDA:1,get_users
FN:59,64,login_for_access_token
FNDA:1,login_for_access_token
FN:68,70,get_current_user
FNDA:1,get_current_user
FN:74,79,change_password
FNDA:1,change_password
FN:83,84,find_by_email
FNDA:1,find_by_email
FN:88,89,find_by_username
FNDA:1,find_by_username
FN:93,99,get_pokemons
FNDA:1,get_pokemons
FN:103,104,find_user_by_id
FNDA:1,find_user_by_id
FN:108,109,create
FNDA:1,create
FN:113,119,update_full
FNDA:1,update_full
FN:123,129,update_partial
FNDA:1,update_partial
FN:133,136,delete
FNDA:1,delete
FNF:14
FNH:14
end_of_record
SF:routers\users\entity.py
DA:1,1
DA:7,1
DA:8,1
DA:9,1
DA:11,1
DA:23,1
DA:24,1
DA:25,1
DA:39,1
DA:40,1
DA:41,1
DA:45,1
DA:52,1
DA:57,1
DA:61,1
DA:73,1
DA:75,1
DA:90,1
DA:91,1
DA:94,1
DA:96,1
DA:99,1
DA:101,1
LF:23
LH:23
end_of_record
SF:routers\users\repository.py
DA:1,1
DA:3,1
DA:4,1
DA:5,1
DA:6,1
DA:7,1
DA:9,1
DA:12,1
DA:16,1
DA:19,1
DA:20,1
DA:21,1
DA:23,1
DA:24,1
DA:27,1
DA:29,1
DA:30,1
DA:33,1
DA:35,1
DA:36,1
DA:39,1
DA:41,1
DA:42,1
DA:47,1
DA:49,1
DA:50,1
DA:56,1
DA:57,1
DA:58,1
DA:59,1
DA:61,1
DA:62,1
DA:63,1
DA:64,1
DA:65,1
DA:66,1
DA:67,1
DA:69,1
DA:70,1
DA:73,1
DA:74,1
DA:75,1
DA:76,0
DA:78,1
DA:79,1
DA:87,1
DA:88,1
DA:89,1
DA:91,1
DA:92,1
DA:93,1
DA:94,1
DA:95,1
DA:165,1
DA:166,1
DA:171,1
LF:56
LH:55
FN:20,21,UserRepository.__init__
FNDA:1,UserRepository.__init__
FN:23,27,UserRepository.find_all
FNDA:1,UserRepository.find_all
FN:29,33,UserRepository.find_by_id
FNDA:1,UserRepository.find_by_id
FN:35,39,UserRepository.find_by_email
FNDA:1,UserRepository.find_by_email
FN:41,47,UserRepository.find_by_username
FNDA:1,UserRepository.find_by_username
FN:49,59,UserRepository.create
FNDA:1,UserRepository.create
FN:61,67,UserRepository.update_full
FNDA:1,UserRepository.update_full
FN:69,89,UserRepository.update_partial
FNDA:1,UserRepository.update_partial
FN:91,95,UserRepository.delete
FNDA:1,UserRepository.delete
FN:165,171,UserRepository.update_password
FNDA:1,UserRepository.update_password
FNF:10
FNH:10
end_of_record
SF:routers\users\service.py
DA:1,1
DA:2,1
DA:4,1
DA:5,1
DA:7,1
DA:13,1
DA:14,1
DA:15,1
DA:19,1
DA:21,1
DA:28,1
DA:31,1
DA:32,1
DA:33,1
DA:34,1
DA:36,1
DA:37,1
DA:38,1
DA:40,1
DA:41,1
DA:42,1
DA:43,1
DA:44,1
DA:48,1
DA:49,1
DA:50,1
DA:51,1
DA:52,1
DA:57,1
DA:58,1
DA:59,1
DA:60,1
DA:61,1
DA:66,1
DA:71,1
DA:74,1
DA:79,1
DA:81,1
DA:83,1
DA:85,1
DA:87,1
DA:89,1
DA:90,1
DA:91,1
DA:96,1
DA:97,1
DA:98,0
DA:103,1
DA:104,1
DA:106,1
DA:109,1
DA:110,1
DA:115,1
DA:116,1
DA:117,1
DA:118,0
DA:122,1
DA:123,1
DA:124,0
DA:129,1
DA:130,1
DA:132,1
DA:135,1
DA:136,1
DA:140,1
DA:141,0
DA:142,0
DA:143,0
DA:148,1
DA:149,1
DA:150,1
DA:151,0
DA:156,1
DA:157,1
DA:159,1
DA:160,1
DA:161,1
DA:165,1
DA:166,1
DA:169,1
DA:174,1
DA:175,0
DA:180,1
DA:183,1
DA:184,1
DA:185,0
DA:190,1
DA:191,1
DA:193,1
DA:195,1
DA:196,1
DA:197,1
DA:198,1
DA:199,1
DA:201,1
DA:211,1
DA:216,1
DA:220,1
DA:221,1
DA:228,1
DA:229,1
DA:233,1
LF:102
LH:93
FN:32,34,UserService.__init__
FNDA:1,UserService.__init__
FN:36,38,UserService.find_all
FNDA:1,UserService.find_all
FN:40,46,UserService.find_by_id
FNDA:1,UserService.find_by_id
FN:48,55,UserService.find_by_email
FNDA:1,UserService.find_by_email
FN:57,64,UserService.find_by_username
FNDA:1,UserService.find_by_username
FN:66,85,UserService.change_password
FNDA:1,UserService.change_password
FN:87,104,UserService.create
FNDA:1,UserService.create
FN:106,130,UserService.update_full
FNDA:1,UserService.update_full
FN:132,157,UserService.update_partial
FNDA:1,UserService.update_partial
FN:159,178,UserService.delete
FNDA:1,UserService.delete
FN:180,208,UserService.get_pokemons
FNDA:1,UserService.get_pokemons
FN:211,233,UserService.login_for_access_token
FNDA:1,UserService.login_for_access_token
FNF:12
FNH:12
end_of_record
